<?xml version="1.0" encoding="UTF-8"?>
<!-- Generated by org.testng.reporters.JUnitXMLReporter -->
<testsuite ignored="0" hostname="LAPTOP-2C0JQFBU" failures="0" tests="40" name="Default test" time="233.909" errors="0" timestamp="2026-03-23T10:19:11 IST">
  <testcase classname="com.ecommerce.tests.ProductTest" name="testAddThreeProductsToCart" time="2.758"/>
  <testcase classname="com.ecommerce.tests.ProductTest" name="testCartBadgeAppearsAfterAdd" time="12.656"/>
  <testcase classname="com.ecommerce.tests.ProductTest" name="testInventoryPageTitle" time="2.501"/>
  <testcase classname="com.ecommerce.tests.ProductTest" name="testInventoryPageURL" time="2.45"/>
  <testcase classname="com.ecommerce.tests.ProductTest" name="testNavigateToCartFromInventory" time="3.685"/>
  <testcase classname="com.ecommerce.tests.ProductTest" name="testProductCount" time="2.496"/>
  <testcase classname="com.ecommerce.tests.ProductTest" name="testSortAtoZ" time="3.655"/>
  <testcase classname="com.ecommerce.tests.ProductTest" name="testSortPriceHighToLow" time="3.623"/>
  <testcase classname="com.ecommerce.tests.ProductTest" name="testSortPriceLowToHigh" time="3.618"/>
  <testcase classname="com.ecommerce.tests.ProductTest" name="testSortZtoA" time="3.659"/>
  <testcase classname="com.ecommerce.tests.CheckoutTest" name="testAllFieldsEmpty" time="7.17"/>
  <testcase classname="com.ecommerce.tests.CheckoutTest" name="testBackHomeAfterOrder" time="10.333"/>
  <testcase classname="com.ecommerce.tests.CheckoutTest" name="testCancelOnStepOne" time="6.797"/>
  <testcase classname="com.ecommerce.tests.CheckoutTest" name="testCompleteCheckoutFlow" time="7.296"/>
  <testcase classname="com.ecommerce.tests.CheckoutTest" name="testCompleteCheckoutHelperMethod" time="9.187"/>
  <testcase classname="com.ecommerce.tests.CheckoutTest" name="testItemTotalOnOverview" time="7.201"/>
  <testcase classname="com.ecommerce.tests.CheckoutTest" name="testMissingFirstName" time="7.292"/>
  <testcase classname="com.ecommerce.tests.CheckoutTest" name="testMissingLastName" time="7.187"/>
  <testcase classname="com.ecommerce.tests.CheckoutTest" name="testMissingPostalCode" time="7.168"/>
  <testcase classname="com.ecommerce.tests.CheckoutTest" name="testTaxDisplayedOnOverview" time="7.139"/>
  <testcase classname="com.ecommerce.tests.CartTest" name="testAddMultipleItemsToCart" time="1.016"/>
  <testcase classname="com.ecommerce.tests.CartTest" name="testAddSingleItemToCart" time="0.554"/>
  <testcase classname="com.ecommerce.tests.CartTest" name="testCartItemCount" time="0.735"/>
  <testcase classname="com.ecommerce.tests.CartTest" name="testCartPageOpens" time="0.77"/>
  <testcase classname="com.ecommerce.tests.CartTest" name="testContinueShopping" time="0.762"/>
  <testcase classname="com.ecommerce.tests.CartTest" name="testItemNameInCart" time="0.69"/>
  <testcase classname="com.ecommerce.tests.CartTest" name="testItemPriceInCart" time="0.703"/>
  <testcase classname="com.ecommerce.tests.CartTest" name="testProceedToCheckout" time="0.77"/>
  <testcase classname="com.ecommerce.tests.CartTest" name="testRemoveAllItems" time="30.975"/>
  <testcase classname="com.ecommerce.tests.CartTest" name="testRemoveSingleItem" time="1.818"/>
  <testcase classname="com.ecommerce.tests.LoginTest" name="testBothFieldsEmpty" time="0.549"/>
  <testcase classname="com.ecommerce.tests.LoginTest" name="testEmptyPassword" time="0.419"/>
  <testcase classname="com.ecommerce.tests.LoginTest" name="testEmptyUsername" time="0.395"/>
  <testcase classname="com.ecommerce.tests.LoginTest" name="testLockedOutUser" time="0.432"/>
  <testcase classname="com.ecommerce.tests.LoginTest" name="testLogout" time="0.755"/>
  <testcase classname="com.ecommerce.tests.LoginTest" name="testPerformanceGlitchUser" time="5.452"/>
  <testcase classname="com.ecommerce.tests.LoginTest" name="testProblemUserLogin" time="0.557"/>
  <testcase classname="com.ecommerce.tests.LoginTest" name="testValidLogin" time="0.483"/>
  <testcase classname="com.ecommerce.tests.LoginTest" name="testWrongPassword" time="0.445"/>
  <testcase classname="com.ecommerce.tests.LoginTest" name="testWrongUsername" time="0.421"/>
</testsuite> <!-- Default test -->
