<?xml version="1.0" encoding="UTF-8"?>
<!-- Generated by org.testng.reporters.JUnitXMLReporter -->
<testsuite ignored="0" hostname="LAPTOP-2C0JQFBU" failures="0" tests="10" name="Cart Tests" time="74.49" errors="0" timestamp="2026-03-11T12:19:25 IST">
  <testcase classname="com.ecommerce.tests.CartTest" name="testAddMultipleItemsToCart" time="0.701"/>
  <testcase classname="com.ecommerce.tests.CartTest" name="testAddSingleItemToCart" time="0.555"/>
  <testcase classname="com.ecommerce.tests.CartTest" name="testCartItemCount" time="0.717"/>
  <testcase classname="com.ecommerce.tests.CartTest" name="testCartPageOpens" time="0.678"/>
  <testcase classname="com.ecommerce.tests.CartTest" name="testContinueShopping" time="0.76"/>
  <testcase classname="com.ecommerce.tests.CartTest" name="testItemNameInCart" time="0.681"/>
  <testcase classname="com.ecommerce.tests.CartTest" name="testItemPriceInCart" time="0.693"/>
  <testcase classname="com.ecommerce.tests.CartTest" name="testProceedToCheckout" time="0.789"/>
  <testcase classname="com.ecommerce.tests.CartTest" name="testRemoveAllItems" time="30.977"/>
  <testcase classname="com.ecommerce.tests.CartTest" name="testRemoveSingleItem" time="1.901"/>
</testsuite> <!-- Cart Tests -->
