<?xml version="1.0" encoding="UTF-8"?>
<!-- Generated by org.testng.reporters.JUnitXMLReporter -->
<testsuite ignored="0" hostname="LAPTOP-2C0JQFBU" failures="0" tests="10" name="Checkout Tests" time="120.533" errors="0" timestamp="2026-03-11T12:21:25 IST">
  <testcase classname="com.ecommerce.tests.CheckoutTest" name="testAllFieldsEmpty" time="7.084"/>
  <testcase classname="com.ecommerce.tests.CheckoutTest" name="testBackHomeAfterOrder" time="10.625"/>
  <testcase classname="com.ecommerce.tests.CheckoutTest" name="testCancelOnStepOne" time="6.846"/>
  <testcase classname="com.ecommerce.tests.CheckoutTest" name="testCompleteCheckoutFlow" time="7.235"/>
  <testcase classname="com.ecommerce.tests.CheckoutTest" name="testCompleteCheckoutHelperMethod" time="9.158"/>
  <testcase classname="com.ecommerce.tests.CheckoutTest" name="testItemTotalOnOverview" time="7.151"/>
  <testcase classname="com.ecommerce.tests.CheckoutTest" name="testMissingFirstName" time="7.233"/>
  <testcase classname="com.ecommerce.tests.CheckoutTest" name="testMissingLastName" time="7.308"/>
  <testcase classname="com.ecommerce.tests.CheckoutTest" name="testMissingPostalCode" time="7.076"/>
  <testcase classname="com.ecommerce.tests.CheckoutTest" name="testTaxDisplayedOnOverview" time="7.136"/>
</testsuite> <!-- Checkout Tests -->
