<?xml version="1.0" encoding="UTF-8"?>
<!-- Generated by org.testng.reporters.JUnitXMLReporter -->
<testsuite ignored="0" hostname="LAPTOP-2C0JQFBU" failures="0" tests="10" name="Login Tests" time="47.85" errors="0" timestamp="2026-03-11T12:16:53 IST">
  <testcase classname="com.ecommerce.tests.LoginTest" name="testBothFieldsEmpty" time="0.417"/>
  <testcase classname="com.ecommerce.tests.LoginTest" name="testEmptyPassword" time="0.412"/>
  <testcase classname="com.ecommerce.tests.LoginTest" name="testEmptyUsername" time="0.442"/>
  <testcase classname="com.ecommerce.tests.LoginTest" name="testLockedOutUser" time="0.452"/>
  <testcase classname="com.ecommerce.tests.LoginTest" name="testLogout" time="0.81"/>
  <testcase classname="com.ecommerce.tests.LoginTest" name="testPerformanceGlitchUser" time="5.453"/>
  <testcase classname="com.ecommerce.tests.LoginTest" name="testProblemUserLogin" time="0.464"/>
  <testcase classname="com.ecommerce.tests.LoginTest" name="testValidLogin" time="0.503"/>
  <testcase classname="com.ecommerce.tests.LoginTest" name="testWrongPassword" time="0.493"/>
  <testcase classname="com.ecommerce.tests.LoginTest" name="testWrongUsername" time="0.436"/>
</testsuite> <!-- Login Tests -->
