<?xml version="1.0" encoding="UTF-8"?>
<!-- Generated by org.testng.reporters.JUnitXMLReporter -->
<testsuite ignored="0" hostname="LAPTOP-2C0JQFBU" failures="0" tests="10" name="Product Tests" time="76.988" errors="0" timestamp="2026-03-11T12:18:10 IST">
  <testcase classname="com.ecommerce.tests.ProductTest" name="testAddThreeProductsToCart" time="2.668"/>
  <testcase classname="com.ecommerce.tests.ProductTest" name="testCartBadgeAppearsAfterAdd" time="12.568"/>
  <testcase classname="com.ecommerce.tests.ProductTest" name="testInventoryPageTitle" time="2.472"/>
  <testcase classname="com.ecommerce.tests.ProductTest" name="testInventoryPageURL" time="2.439"/>
  <testcase classname="com.ecommerce.tests.ProductTest" name="testNavigateToCartFromInventory" time="3.79"/>
  <testcase classname="com.ecommerce.tests.ProductTest" name="testProductCount" time="2.532"/>
  <testcase classname="com.ecommerce.tests.ProductTest" name="testSortAtoZ" time="3.558"/>
  <testcase classname="com.ecommerce.tests.ProductTest" name="testSortPriceHighToLow" time="3.582"/>
  <testcase classname="com.ecommerce.tests.ProductTest" name="testSortPriceLowToHigh" time="3.533"/>
  <testcase classname="com.ecommerce.tests.ProductTest" name="testSortZtoA" time="3.715"/>
</testsuite> <!-- Product Tests -->
