<?xml version="1.0" encoding="UTF-8"?>
<!-- Generated by org.testng.reporters.JUnitReportReporter -->
<testsuite hostname="LAPTOP-2C0JQFBU" failures="0" tests="10" name="com.ecommerce.tests.CheckoutTest" time="93.127" errors="0" timestamp="2026-03-23T10:19:11 IST" skipped="0">
  <testcase classname="com.ecommerce.tests.CheckoutTest" name="testItemTotalOnOverview" time="8.813"/>
  <testcase classname="com.ecommerce.tests.CheckoutTest" name="testCancelOnStepOne" time="8.424"/>
  <testcase classname="com.ecommerce.tests.CheckoutTest" name="testMissingFirstName" time="9.017"/>
  <testcase classname="com.ecommerce.tests.CheckoutTest" name="testCompleteCheckoutHelperMethod" time="10.759"/>
  <testcase classname="com.ecommerce.tests.CheckoutTest" name="testMissingLastName" time="8.809"/>
  <testcase classname="com.ecommerce.tests.CheckoutTest" name="testAllFieldsEmpty" time="8.782"/>
  <testcase classname="com.ecommerce.tests.CheckoutTest" name="testMissingPostalCode" time="8.762"/>
  <testcase classname="com.ecommerce.tests.CheckoutTest" name="testTaxDisplayedOnOverview" time="8.995"/>
  <testcase classname="com.ecommerce.tests.CheckoutTest" name="testCompleteCheckoutFlow" time="8.868"/>
  <testcase classname="com.ecommerce.tests.CheckoutTest" name="testBackHomeAfterOrder" time="11.898"/>
</testsuite> <!-- com.ecommerce.tests.CheckoutTest -->
