<?xml version="1.0" encoding="UTF-8"?>
<!-- Generated by org.testng.reporters.JUnitReportReporter -->
<testsuite hostname="LAPTOP-2C0JQFBU" failures="0" tests="10" name="com.ecommerce.tests.CartTest" time="55.236" errors="0" timestamp="2026-03-23T10:19:11 IST" skipped="0">
  <testcase classname="com.ecommerce.tests.CartTest" name="testAddMultipleItemsToCart" time="2.586"/>
  <testcase classname="com.ecommerce.tests.CartTest" name="testItemNameInCart" time="2.533"/>
  <testcase classname="com.ecommerce.tests.CartTest" name="testProceedToCheckout" time="2.470"/>
  <testcase classname="com.ecommerce.tests.CartTest" name="testContinueShopping" time="2.304"/>
  <testcase classname="com.ecommerce.tests.CartTest" name="testRemoveSingleItem" time="3.482"/>
  <testcase classname="com.ecommerce.tests.CartTest" name="testCartItemCount" time="2.344"/>
  <testcase classname="com.ecommerce.tests.CartTest" name="testItemPriceInCart" time="2.297"/>
  <testcase classname="com.ecommerce.tests.CartTest" name="testRemoveAllItems" time="32.640"/>
  <testcase classname="com.ecommerce.tests.CartTest" name="testCartPageOpens" time="2.386"/>
  <testcase classname="com.ecommerce.tests.CartTest" name="testAddSingleItemToCart" time="2.194"/>
</testsuite> <!-- com.ecommerce.tests.CartTest -->
