<?xml version="1.0" encoding="UTF-8"?>
<!-- Generated by org.testng.reporters.JUnitReportReporter -->
<testsuite hostname="LAPTOP-2C0JQFBU" failures="0" tests="10" name="com.ecommerce.tests.ProductTest" time="59.531" errors="0" timestamp="2026-03-23T10:19:11 IST" skipped="0">
  <testcase classname="com.ecommerce.tests.ProductTest" name="testSortAtoZ" time="5.268"/>
  <testcase classname="com.ecommerce.tests.ProductTest" name="testNavigateToCartFromInventory" time="5.447"/>
  <testcase classname="com.ecommerce.tests.ProductTest" name="testInventoryPageURL" time="4.193"/>
  <testcase classname="com.ecommerce.tests.ProductTest" name="testSortZtoA" time="5.384"/>
  <testcase classname="com.ecommerce.tests.ProductTest" name="testCartBadgeAppearsAfterAdd" time="14.215"/>
  <testcase classname="com.ecommerce.tests.ProductTest" name="testAddThreeProductsToCart" time="4.608"/>
  <testcase classname="com.ecommerce.tests.ProductTest" name="testSortPriceHighToLow" time="5.238"/>
  <testcase classname="com.ecommerce.tests.ProductTest" name="testProductCount" time="4.549"/>
  <testcase classname="com.ecommerce.tests.ProductTest" name="testInventoryPageTitle" time="5.321"/>
  <testcase classname="com.ecommerce.tests.ProductTest" name="testSortPriceLowToHigh" time="5.308"/>
</testsuite> <!-- com.ecommerce.tests.ProductTest -->
