<?xml version="1.0" encoding="UTF-8"?>
<!-- Generated by org.testng.reporters.JUnitReportReporter -->
<testsuite hostname="LAPTOP-2C0JQFBU" failures="0" tests="10" name="com.ecommerce.tests.LoginTest" time="25.892" errors="0" timestamp="2026-03-23T10:19:11 IST" skipped="0">
  <testcase classname="com.ecommerce.tests.LoginTest" name="testLockedOutUser" time="2.023"/>
  <testcase classname="com.ecommerce.tests.LoginTest" name="testLogout" time="2.392"/>
  <testcase classname="com.ecommerce.tests.LoginTest" name="testValidLogin" time="2.163"/>
  <testcase classname="com.ecommerce.tests.LoginTest" name="testWrongUsername" time="2.006"/>
  <testcase classname="com.ecommerce.tests.LoginTest" name="testBothFieldsEmpty" time="2.126"/>
  <testcase classname="com.ecommerce.tests.LoginTest" name="testWrongPassword" time="2.015"/>
  <testcase classname="com.ecommerce.tests.LoginTest" name="testProblemUserLogin" time="2.178"/>
  <testcase classname="com.ecommerce.tests.LoginTest" name="testEmptyPassword" time="2.008"/>
  <testcase classname="com.ecommerce.tests.LoginTest" name="testEmptyUsername" time="1.959"/>
  <testcase classname="com.ecommerce.tests.LoginTest" name="testPerformanceGlitchUser" time="7.022"/>
</testsuite> <!-- com.ecommerce.tests.LoginTest -->
